<?xml version="1.0" encoding="UTF-8"?>
<!-- Generated by org.testng.reporters.JUnitReportReporter -->
<testsuite name="TutorialOne.testCountryName" tests="5" time="5.906" ignored="0" failures="0" timestamp="29 Aug 2018 17:42:21 GMT" skipped="0" hostname="DESKTOP-D36JS0L" errors="0">
  <testcase name="testCountryName" time="0.737" classname="TutorialOne.testCountryName"/>
  <testcase name="testCountryName" time="0.735" classname="TutorialOne.testCountryName"/>
  <testcase name="testCountryName" time="0.719" classname="TutorialOne.testCountryName"/>
  <testcase name="testCountryName" time="0.716" classname="TutorialOne.testCountryName"/>
  <testcase name="testCountryName" time="2.999" classname="TutorialOne.testCountryName"/>
</testsuite> <!-- TutorialOne.testCountryName -->
